#! /usr/bin/vvp
:ivl_version "12.0 (stable)";
:ivl_delay_selection "TYPICAL";
:vpi_time_precision - 12;
:vpi_module "/usr/lib/x86_64-linux-gnu/ivl/system.vpi";
:vpi_module "/usr/lib/x86_64-linux-gnu/ivl/vhdl_sys.vpi";
:vpi_module "/usr/lib/x86_64-linux-gnu/ivl/vhdl_textio.vpi";
:vpi_module "/usr/lib/x86_64-linux-gnu/ivl/v2005_math.vpi";
:vpi_module "/usr/lib/x86_64-linux-gnu/ivl/va_math.vpi";
S_0x5aef507a61b0 .scope module, "led_controller_tb" "led_controller_tb" 2 3;
 .timescale -9 -12;
v0x5aef507d0ac0_0 .var "clk", 0 0;
v0x5aef507d0b80_0 .net "led_b", 0 0, v0x5aef507d05f0_0;  1 drivers
v0x5aef507d0c50_0 .net "led_g", 0 0, v0x5aef507d06b0_0;  1 drivers
v0x5aef507d0d50_0 .net "led_r", 0 0, v0x5aef507d0750_0;  1 drivers
v0x5aef507d0e20_0 .var "rx_byte", 7 0;
v0x5aef507d0f10_0 .var "rx_done", 0 0;
S_0x5aef507b5240 .scope module, "uut" "led_controller" 2 14, 3 1 0, S_0x5aef507a61b0;
 .timescale 0 0;
    .port_info 0 /INPUT 1 "clk";
    .port_info 1 /INPUT 8 "rx_byte";
    .port_info 2 /INPUT 1 "rx_done";
    .port_info 3 /OUTPUT 1 "led_r";
    .port_info 4 /OUTPUT 1 "led_g";
    .port_info 5 /OUTPUT 1 "led_b";
v0x5aef507b54e0_0 .net "clk", 0 0, v0x5aef507d0ac0_0;  1 drivers
v0x5aef507d05f0_0 .var "led_b", 0 0;
v0x5aef507d06b0_0 .var "led_g", 0 0;
v0x5aef507d0750_0 .var "led_r", 0 0;
v0x5aef507d0810_0 .net "rx_byte", 7 0, v0x5aef507d0e20_0;  1 drivers
v0x5aef507d0940_0 .net "rx_done", 0 0, v0x5aef507d0f10_0;  1 drivers
E_0x5aef5077afb0 .event posedge, v0x5aef507b54e0_0;
    .scope S_0x5aef507b5240;
T_0 ;
    %wait E_0x5aef5077afb0;
    %load/vec4 v0x5aef507d0940_0;
    %flag_set/vec4 8;
    %jmp/0xz  T_0.0, 8;
    %load/vec4 v0x5aef507d0810_0;
    %dup/vec4;
    %pushi/vec4 82, 0, 8;
    %cmp/u;
    %jmp/1 T_0.2, 6;
    %dup/vec4;
    %pushi/vec4 114, 0, 8;
    %cmp/u;
    %jmp/1 T_0.3, 6;
    %dup/vec4;
    %pushi/vec4 71, 0, 8;
    %cmp/u;
    %jmp/1 T_0.4, 6;
    %dup/vec4;
    %pushi/vec4 103, 0, 8;
    %cmp/u;
    %jmp/1 T_0.5, 6;
    %dup/vec4;
    %pushi/vec4 66, 0, 8;
    %cmp/u;
    %jmp/1 T_0.6, 6;
    %dup/vec4;
    %pushi/vec4 98, 0, 8;
    %cmp/u;
    %jmp/1 T_0.7, 6;
    %jmp T_0.9;
T_0.2 ;
    %pushi/vec4 1, 0, 1;
    %assign/vec4 v0x5aef507d0750_0, 0;
    %jmp T_0.9;
T_0.3 ;
    %pushi/vec4 0, 0, 1;
    %assign/vec4 v0x5aef507d0750_0, 0;
    %jmp T_0.9;
T_0.4 ;
    %pushi/vec4 1, 0, 1;
    %assign/vec4 v0x5aef507d06b0_0, 0;
    %jmp T_0.9;
T_0.5 ;
    %pushi/vec4 0, 0, 1;
    %assign/vec4 v0x5aef507d06b0_0, 0;
    %jmp T_0.9;
T_0.6 ;
    %pushi/vec4 1, 0, 1;
    %assign/vec4 v0x5aef507d05f0_0, 0;
    %jmp T_0.9;
T_0.7 ;
    %pushi/vec4 0, 0, 1;
    %assign/vec4 v0x5aef507d05f0_0, 0;
    %jmp T_0.9;
T_0.9 ;
    %pop/vec4 1;
T_0.0 ;
    %jmp T_0;
    .thread T_0;
    .scope S_0x5aef507a61b0;
T_1 ;
    %pushi/vec4 0, 0, 1;
    %store/vec4 v0x5aef507d0ac0_0, 0, 1;
T_1.0 ;
    %delay 5000, 0;
    %load/vec4 v0x5aef507d0ac0_0;
    %inv;
    %store/vec4 v0x5aef507d0ac0_0, 0, 1;
    %jmp T_1.0;
    %end;
    .thread T_1;
    .scope S_0x5aef507a61b0;
T_2 ;
    %vpi_call 2 31 "$dumpfile", "led_controller.vcd" {0 0 0};
    %vpi_call 2 32 "$dumpvars", 32'sb00000000000000000000000000000000, S_0x5aef507a61b0 {0 0 0};
    %end;
    .thread T_2;
    .scope S_0x5aef507a61b0;
T_3 ;
    %vpi_call 2 37 "$display", "===== Starting LED Controller Testbench =====" {0 0 0};
    %pushi/vec4 0, 0, 8;
    %store/vec4 v0x5aef507d0e20_0, 0, 8;
    %pushi/vec4 0, 0, 1;
    %store/vec4 v0x5aef507d0f10_0, 0, 1;
    %delay 20000, 0;
    %pushi/vec4 82, 0, 8;
    %store/vec4 v0x5aef507d0e20_0, 0, 8;
    %pushi/vec4 1, 0, 1;
    %store/vec4 v0x5aef507d0f10_0, 0, 1;
    %delay 10000, 0;
    %pushi/vec4 0, 0, 1;
    %store/vec4 v0x5aef507d0f10_0, 0, 1;
    %delay 10000, 0;
    %vpi_call 2 46 "$display", "Sent 'R': led_r=%b (expect 1)", v0x5aef507d0d50_0 {0 0 0};
    %pushi/vec4 114, 0, 8;
    %store/vec4 v0x5aef507d0e20_0, 0, 8;
    %pushi/vec4 1, 0, 1;
    %store/vec4 v0x5aef507d0f10_0, 0, 1;
    %delay 10000, 0;
    %pushi/vec4 0, 0, 1;
    %store/vec4 v0x5aef507d0f10_0, 0, 1;
    %delay 10000, 0;
    %vpi_call 2 50 "$display", "Sent 'r': led_r=%b (expect 0)", v0x5aef507d0d50_0 {0 0 0};
    %pushi/vec4 71, 0, 8;
    %store/vec4 v0x5aef507d0e20_0, 0, 8;
    %pushi/vec4 1, 0, 1;
    %store/vec4 v0x5aef507d0f10_0, 0, 1;
    %delay 10000, 0;
    %pushi/vec4 0, 0, 1;
    %store/vec4 v0x5aef507d0f10_0, 0, 1;
    %delay 10000, 0;
    %vpi_call 2 54 "$display", "Sent 'G': led_g=%b (expect 1)", v0x5aef507d0c50_0 {0 0 0};
    %pushi/vec4 103, 0, 8;
    %store/vec4 v0x5aef507d0e20_0, 0, 8;
    %pushi/vec4 1, 0, 1;
    %store/vec4 v0x5aef507d0f10_0, 0, 1;
    %delay 10000, 0;
    %pushi/vec4 0, 0, 1;
    %store/vec4 v0x5aef507d0f10_0, 0, 1;
    %delay 10000, 0;
    %vpi_call 2 58 "$display", "Sent 'g': led_g=%b (expect 0)", v0x5aef507d0c50_0 {0 0 0};
    %pushi/vec4 66, 0, 8;
    %store/vec4 v0x5aef507d0e20_0, 0, 8;
    %pushi/vec4 1, 0, 1;
    %store/vec4 v0x5aef507d0f10_0, 0, 1;
    %delay 10000, 0;
    %pushi/vec4 0, 0, 1;
    %store/vec4 v0x5aef507d0f10_0, 0, 1;
    %delay 10000, 0;
    %vpi_call 2 62 "$display", "Sent 'B': led_b=%b (expect 1)", v0x5aef507d0b80_0 {0 0 0};
    %pushi/vec4 98, 0, 8;
    %store/vec4 v0x5aef507d0e20_0, 0, 8;
    %pushi/vec4 1, 0, 1;
    %store/vec4 v0x5aef507d0f10_0, 0, 1;
    %delay 10000, 0;
    %pushi/vec4 0, 0, 1;
    %store/vec4 v0x5aef507d0f10_0, 0, 1;
    %delay 10000, 0;
    %vpi_call 2 66 "$display", "Sent 'b': led_b=%b (expect 0)", v0x5aef507d0b80_0 {0 0 0};
    %vpi_call 2 68 "$display", "===== Test Complete. Check led_controller.vcd =====" {0 0 0};
    %vpi_call 2 70 "$finish" {0 0 0};
    %end;
    .thread T_3;
# The file index is used to find the file name in the following table.
:file_names 4;
    "N/A";
    "<interactive>";
    "led_controller_tb.v";
    "led_controller.v";
