#! /usr/bin/vvp
:ivl_version "12.0 (stable)";
:ivl_delay_selection "TYPICAL";
:vpi_time_precision - 12;
:vpi_module "/usr/lib/x86_64-linux-gnu/ivl/system.vpi";
:vpi_module "/usr/lib/x86_64-linux-gnu/ivl/vhdl_sys.vpi";
:vpi_module "/usr/lib/x86_64-linux-gnu/ivl/vhdl_textio.vpi";
:vpi_module "/usr/lib/x86_64-linux-gnu/ivl/v2005_math.vpi";
:vpi_module "/usr/lib/x86_64-linux-gnu/ivl/va_math.vpi";
S_0x654d5a547670 .scope module, "uart_rx_tb" "uart_rx_tb" 2 3;
 .timescale -9 -12;
v0x654d5a5639c0_0 .var "clk", 0 0;
v0x654d5a563a80_0 .var "rx", 0 0;
v0x654d5a563b20_0 .net "rxbyte", 7 0, v0x654d5a563670_0;  1 drivers
v0x654d5a563bf0_0 .net "rxdone", 0 0, v0x654d5a5637a0_0;  1 drivers
S_0x654d5a547800 .scope task, "send_uart_byte" "send_uart_byte" 2 27, 2 27 0, S_0x654d5a547670;
 .timescale -9 -12;
v0x654d5a536de0_0 .var "data", 7 0;
v0x654d5a5355e0_0 .var/i "i", 31 0;
E_0x654d5a5440f0 .event posedge, v0x654d5a563430_0;
TD_uart_rx_tb.send_uart_byte ;
    %pushi/vec4 0, 0, 1;
    %assign/vec4 v0x654d5a563a80_0, 0;
    %wait E_0x654d5a5440f0;
    %pushi/vec4 0, 0, 32;
    %store/vec4 v0x654d5a5355e0_0, 0, 32;
T_0.0 ;
    %load/vec4 v0x654d5a5355e0_0;
    %cmpi/s 8, 0, 32;
    %jmp/0xz T_0.1, 5;
    %load/vec4 v0x654d5a536de0_0;
    %load/vec4 v0x654d5a5355e0_0;
    %part/s 1;
    %assign/vec4 v0x654d5a563a80_0, 0;
    %wait E_0x654d5a5440f0;
    %load/vec4 v0x654d5a5355e0_0;
    %addi 1, 0, 32;
    %store/vec4 v0x654d5a5355e0_0, 0, 32;
    %jmp T_0.0;
T_0.1 ;
    %pushi/vec4 1, 0, 1;
    %assign/vec4 v0x654d5a563a80_0, 0;
    %wait E_0x654d5a5440f0;
    %end;
S_0x654d5a562d30 .scope task, "test_char" "test_char" 2 42, 2 42 0, S_0x654d5a547670;
 .timescale -9 -12;
v0x654d5a532e20_0 .var "received_char", 7 0;
v0x654d5a531620_0 .var "send_char", 7 0;
E_0x654d5a50af50 .event anyedge, v0x654d5a5637a0_0;
TD_uart_rx_tb.test_char ;
    %load/vec4 v0x654d5a531620_0;
    %store/vec4 v0x654d5a536de0_0, 0, 8;
    %fork TD_uart_rx_tb.send_uart_byte, S_0x654d5a547800;
    %join;
T_1.2 ;
    %load/vec4 v0x654d5a563bf0_0;
    %pad/u 32;
    %pushi/vec4 1, 0, 32;
    %cmp/e;
    %flag_get/vec4 4;
    %cmpi/ne 1, 0, 1;
    %jmp/0xz T_1.3, 6;
    %wait E_0x654d5a50af50;
    %jmp T_1.2;
T_1.3 ;
    %load/vec4 v0x654d5a563b20_0;
    %store/vec4 v0x654d5a532e20_0, 0, 8;
    %wait E_0x654d5a5440f0;
    %load/vec4 v0x654d5a532e20_0;
    %load/vec4 v0x654d5a531620_0;
    %cmp/e;
    %jmp/0xz  T_1.4, 4;
    %vpi_call 2 52 "$display", "send char = %c, received char = %c, pass", v0x654d5a531620_0, v0x654d5a532e20_0 {0 0 0};
    %jmp T_1.5;
T_1.4 ;
    %vpi_call 2 54 "$display", "send char = %c, received char = %c, fail", v0x654d5a531620_0, v0x654d5a532e20_0 {0 0 0};
T_1.5 ;
    %end;
S_0x654d5a562ff0 .scope module, "uut" "uart_rx" 2 10, 3 1 0, S_0x654d5a547670;
 .timescale 0 0;
    .port_info 0 /INPUT 1 "clk";
    .port_info 1 /INPUT 1 "rx";
    .port_info 2 /OUTPUT 8 "rxbyte";
    .port_info 3 /OUTPUT 1 "rxdone";
P_0x654d5a5631d0 .param/l "STATE_DONE" 0 3 11, C4<10>;
P_0x654d5a563210 .param/l "STATE_IDLE" 0 3 9, C4<00>;
P_0x654d5a563250 .param/l "STATE_RXING" 0 3 10, C4<01>;
v0x654d5a531bb0_0 .var "bit_count", 2 0;
v0x654d5a563430_0 .net "clk", 0 0, v0x654d5a5639c0_0;  1 drivers
v0x654d5a5634f0_0 .net "rx", 0 0, v0x654d5a563a80_0;  1 drivers
v0x654d5a563590_0 .var "rx_shift", 7 0;
v0x654d5a563670_0 .var "rxbyte", 7 0;
v0x654d5a5637a0_0 .var "rxdone", 0 0;
v0x654d5a563860_0 .var "state", 1 0;
    .scope S_0x654d5a562ff0;
T_2 ;
    %pushi/vec4 0, 0, 2;
    %store/vec4 v0x654d5a563860_0, 0, 2;
    %pushi/vec4 0, 0, 8;
    %store/vec4 v0x654d5a563590_0, 0, 8;
    %pushi/vec4 0, 0, 3;
    %store/vec4 v0x654d5a531bb0_0, 0, 3;
    %end;
    .thread T_2;
    .scope S_0x654d5a562ff0;
T_3 ;
    %wait E_0x654d5a5440f0;
    %load/vec4 v0x654d5a563860_0;
    %dup/vec4;
    %pushi/vec4 0, 0, 2;
    %cmp/u;
    %jmp/1 T_3.0, 6;
    %dup/vec4;
    %pushi/vec4 1, 0, 2;
    %cmp/u;
    %jmp/1 T_3.1, 6;
    %dup/vec4;
    %pushi/vec4 2, 0, 2;
    %cmp/u;
    %jmp/1 T_3.2, 6;
    %jmp T_3.3;
T_3.0 ;
    %pushi/vec4 0, 0, 1;
    %assign/vec4 v0x654d5a5637a0_0, 0;
    %load/vec4 v0x654d5a5634f0_0;
    %cmpi/e 0, 0, 1;
    %jmp/0xz  T_3.4, 4;
    %pushi/vec4 1, 0, 2;
    %assign/vec4 v0x654d5a563860_0, 0;
    %pushi/vec4 0, 0, 3;
    %assign/vec4 v0x654d5a531bb0_0, 0;
T_3.4 ;
    %jmp T_3.3;
T_3.1 ;
    %load/vec4 v0x654d5a5634f0_0;
    %load/vec4 v0x654d5a563590_0;
    %parti/s 7, 1, 2;
    %concat/vec4; draw_concat_vec4
    %assign/vec4 v0x654d5a563590_0, 0;
    %load/vec4 v0x654d5a531bb0_0;
    %addi 1, 0, 3;
    %assign/vec4 v0x654d5a531bb0_0, 0;
    %load/vec4 v0x654d5a531bb0_0;
    %pad/u 32;
    %cmpi/e 7, 0, 32;
    %jmp/0xz  T_3.6, 4;
    %pushi/vec4 2, 0, 2;
    %assign/vec4 v0x654d5a563860_0, 0;
T_3.6 ;
    %jmp T_3.3;
T_3.2 ;
    %load/vec4 v0x654d5a563590_0;
    %assign/vec4 v0x654d5a563670_0, 0;
    %pushi/vec4 1, 0, 1;
    %assign/vec4 v0x654d5a5637a0_0, 0;
    %pushi/vec4 0, 0, 2;
    %assign/vec4 v0x654d5a563860_0, 0;
    %jmp T_3.3;
T_3.3 ;
    %pop/vec4 1;
    %jmp T_3;
    .thread T_3;
    .scope S_0x654d5a547670;
T_4 ;
    %pushi/vec4 0, 0, 1;
    %store/vec4 v0x654d5a5639c0_0, 0, 1;
    %pushi/vec4 1, 0, 1;
    %store/vec4 v0x654d5a563a80_0, 0, 1;
    %end;
    .thread T_4;
    .scope S_0x654d5a547670;
T_5 ;
    %delay 5000, 0;
    %load/vec4 v0x654d5a5639c0_0;
    %inv;
    %store/vec4 v0x654d5a5639c0_0, 0, 1;
    %jmp T_5;
    .thread T_5;
    .scope S_0x654d5a547670;
T_6 ;
    %vpi_call 2 22 "$dumpfile", "uart_rx_tb.vcd" {0 0 0};
    %vpi_call 2 23 "$dumpvars", 32'sb00000000000000000000000000000000, S_0x654d5a547670 {0 0 0};
    %end;
    .thread T_6;
    .scope S_0x654d5a547670;
T_7 ;
    %vpi_call 2 59 "$display", "UART RX Testbench Begin" {0 0 0};
    %pushi/vec4 3, 0, 32;
T_7.0 %dup/vec4;
    %pushi/vec4 0, 0, 32;
    %cmp/s;
    %jmp/1xz T_7.1, 5;
    %jmp/1 T_7.1, 4;
    %pushi/vec4 1, 0, 32;
    %sub;
    %wait E_0x654d5a5440f0;
    %jmp T_7.0;
T_7.1 ;
    %pop/vec4 1;
    %pushi/vec4 71, 0, 8; draw_string_vec4
    %store/vec4 v0x654d5a531620_0, 0, 8;
    %fork TD_uart_rx_tb.test_char, S_0x654d5a562d30;
    %join;
    %pushi/vec4 98, 0, 8; draw_string_vec4
    %store/vec4 v0x654d5a531620_0, 0, 8;
    %fork TD_uart_rx_tb.test_char, S_0x654d5a562d30;
    %join;
    %delay 20000, 0;
    %vpi_call 2 66 "$finish" {0 0 0};
    %end;
    .thread T_7;
# The file index is used to find the file name in the following table.
:file_names 4;
    "N/A";
    "<interactive>";
    "uart_rx_tb.v";
    "uart_rx.v";
